Arguments: 
  C:\Program Files\nodejs\node.exe C:\Program Files (x86)\Yarn\bin\yarn.js dev1

PATH: 
  C:\Program Files\Git\mingw64\bin;C:\Program Files\Git\usr\bin;C:\Users\Administrator\bin;C:\Program Files\Common Files\Oracle\Java\javapath;C:\MinGW\mingw64\bin;C:\Windows\system32;C:\Windows;C:\Windows\System32\Wbem;C:\Windows\System32\WindowsPowerShell\v1.0;C:\Windows\System32\OpenSSH;E:\Flutter\bin;C:\Program Files\nodejs;C:\Program Files\Git\cmd;C:\Program Files\Amazon\AWSCLIV2;C:\Program Files (x86)\Yarn\bin;C:\Program Files\PostgreSQL\12\bin;C:\Program Files\dotnet;C:\Users\Administrator\Downloads\cmder_mini\bin;C:\Users\Administrator\Downloads\cmder_mini\Cmder.exe;C:\Program Files\Sublime Text 3;C:\Program Files\MongoDB\Server\4.0\bin;C:\Program Files\MySQL\MySQL Server 8.0\bin;C:\Program Files\MySQL\MySQL Shell 8.0\bin;C:\Program Files\Git\usr\bin;C:\Users\Administrator\Downloads\chromedriver_win32;C:\Users\Administrator\Downloads\chromedriver_win32\chromedriver.exe;C:\Users\Administrator\Downloads\geckodriver-v0.29.1-win64;C:\Users\Administrator\Downloads\ffmpeg-N-102462-gf8d910e90f-win64-gpl-shared\bin;C:\ProgramData\chocolatey\bin;C:\Program Files\Memurai;C:\Program Files\PostgreSQL\13\bin;C:\Users\Administrator\AppData\Local\Programs\Python\Python39\Scripts;C:\Users\Administrator\AppData\Local\Programs\Python\Python39;E:\Flutter\bin;C:\MinGW\mingw64\bin;C:\Users\Administrator\AppData\Local\Microsoft\WindowsApps;C:\Users\Administrator\AppData\Local\Programs\Microsoft VS Code\bin;C:\Users\Administrator\Downloads\cmder_mini\bin;C:\Users\Administrator\Downloads\cmder_mini\Cmder.exe;C:\Program Files\Sublime Text 3;C:\Program Files\MongoDB\Server\4.0\bin;C:\Program Files\MySQL\MySQL Server 8.0\bin;C:\Program Files\MySQL\MySQL Shell 8.0\bin;C:\Program Files\Git\usr\bin;C:\Users\Administrator\Downloads\chromedriver_win32;C:\Users\Administrator\Downloads\chromedriver_win32\chromedriver.exe;C:\Users\Administrator\Downloads\geckodriver-v0.29.1-win64;C:\Program Files\heroku\bin;C:\Users\Administrator\Downloads\ffmpeg-N-102462-gf8d910e90f-win64-gpl-shared\binC;C:\Program Files\Git\Users\Administrator\Downloads\ffmpeg-N-102462-gf8d910e90f-win64-gpl-shared\bin;C:\Program Files\PostgreSQL\13\bin;C:\Program Files\PostgreSQL\13\pgAdmin 4\bin

Yarn version: 
  1.22.5

Node version: 
  14.8.0

Platform: 
  win32 x64

Trace: 
  SyntaxError: C:\Users\Administrator\Desktop\ThisPC\todoly\server\package.json: Unexpected token } in JSON at position 211
      at JSON.parse (<anonymous>)
      at C:\Program Files (x86)\Yarn\lib\cli.js:1625:59
      at Generator.next (<anonymous>)
      at step (C:\Program Files (x86)\Yarn\lib\cli.js:310:30)
      at C:\Program Files (x86)\Yarn\lib\cli.js:321:13

npm manifest: 
  {
    "name": "server",
    "version": "1.0.0",
    "description": "",
    "main": "index.js",
    "scripts": {
      "dev": "nodemon src/index.js",
      "start": "node src/index.js",
      "dev1": "node src/authServer.js",
    },
    "keywords": [],
    "author": "",
    "license": "ISC",
    "dependencies": {
      "body-parser": "^1.19.0",
      "cookie-session": "^1.4.0",
      "cors": "^2.8.5",
      "dotenv": "^10.0.0",
      "express": "^4.17.1",
      "helmet": "^4.6.0",
      "jsonwebtoken": "^8.5.1",
      "mongoose": "^5.13.3",
      "morgan": "^1.10.0",
      "passport": "^0.4.1",
      "passport-google-oauth20": "^2.0.0",
      "passport-jwt": "^4.0.0"
    }
  }

yarn manifest: 
  No manifest

Lockfile: 
  No lockfile
